<?xml version="1.0" encoding="UTF-8"?>
<testsuites name="Login Logout" time="29784.166" tests="2" failures="0" errors="0">
   <testsuite name="Login Logout" tests="2" failures="0" errors="0" time="29784.166" skipped="0" timestamp="14-02-2024T00:23:19" hostname="BRI - 192.168.0.101" id="Test Suites/Login Logout">
      <properties>
         <property name="deviceName" value=""/>
         <property name="devicePlatform" value=""/>
         <property name="logFolder" value="D:\\Automation\\advaantage_testing\\Reports\\20240214_002030\\Login Logout\\20240214_002033"/>
         <property name="logFiles" value="D:\\Automation\\advaantage_testing\\Reports\\20240214_002030\\Login Logout\\20240214_002033\\execution0.log"/>
         <property name="attachments" value="D:\\Automation\\advaantage_testing\\Reports\\20240214_002030\\Login Logout\\20240214_002033\\1707874657088.png"/>
         <property name="hostName" value="BRI - 192.168.0.101"/>
         <property name="os" value="Windows 11 64bit"/>
         <property name="katalonVersion" value="9.3.0.212"/>
         <property name="browser" value="Chrome 121.0.0.0"/>
         <property name="hostAddress" value="192.168.0.101"/>
         <property name="sessionId" value="06bc5202e2c4827d6c887a08b7fd2ad2"/>
         <property name="seleniumVersion" value="3.141.59"/>
         <property name="proxyInformation" value="ProxyInformation { proxyOption=NO_PROXY, proxyServerType=HTTP, username=, password=********, proxyServerAddress=, proxyServerPort=0, executionList=&quot;&quot;, isApplyToDesiredCapabilities=true }"/>
         <property name="platform" value="Windows 11"/>
      </properties>
      <testcase name="Test Cases/login" time="82.695" classname="Test Cases/login" status="PASSED">
         <system-out><![CDATA[14-02-2024T08:37:42 - [TEST_CASE][PASSED] - Test Cases/login: Test Cases/login

14-02-2024T08:37:42 - [TEST_STEP][PASSED] - openBrowser(""): Browser is opened with url: ''

14-02-2024T08:37:42 - [MESSAGE][WARNING] - A browser is already opened. Closing browser and opening a new one

14-02-2024T08:38:16 - [MESSAGE][INFO] - Starting 'Chrome' driver

14-02-2024T08:38:16 - [MESSAGE][INFO] - Action delay is set to 0 milliseconds

14-02-2024T08:38:21 - [MESSAGE][PASSED] - Browser is opened with url: ''

14-02-2024T08:38:21 - [TEST_STEP][PASSED] - navigateToUrl(url): Navigate to 'https://advantageonlineshopping.com/?authuser=0#/' successfully

14-02-2024T08:38:22 - [MESSAGE][PASSED] - Navigate to 'https://advantageonlineshopping.com/?authuser=0#/' successfully

14-02-2024T08:38:22 - [TEST_STEP][PASSED] - click(findTestObject("Object Repository/Login/Page_Advantage Shopping/svg_CHECKOUT  (0.00)_menuUser")): Object: 'Object Repository/Login/Page_Advantage Shopping/svg_CHECKOUT  (0.00)_menuUser' is clicked on

14-02-2024T08:38:33 - [MESSAGE][PASSED] - Object: 'Object Repository/Login/Page_Advantage Shopping/svg_CHECKOUT  (0.00)_menuUser' is clicked on

14-02-2024T08:38:33 - [TEST_STEP][PASSED] - setText(findTestObject("Object Repository/Login/Page_Advantage Shopping/input_OR_username"), "ruslan1"): Text 'ruslan1' is set on object 'Object Repository/Login/Page_Advantage Shopping/input_OR_username'

14-02-2024T08:38:34 - [MESSAGE][PASSED] - Text 'ruslan1' is set on object 'Object Repository/Login/Page_Advantage Shopping/input_OR_username'

14-02-2024T08:38:34 - [TEST_STEP][PASSED] - setText(findTestObject("Object Repository/Login/Page_Advantage Shopping/input_Username_password"), "P@ssw0rd"): Text 'P@ssw0rd' is set on object 'Object Repository/Login/Page_Advantage Shopping/input_Username_password'

14-02-2024T08:38:36 - [MESSAGE][PASSED] - Text 'P@ssw0rd' is set on object 'Object Repository/Login/Page_Advantage Shopping/input_Username_password'

14-02-2024T08:38:36 - [TEST_STEP][PASSED] - click(findTestObject("Object Repository/Login/Page_Advantage Shopping/button_SIGN IN")): Object: 'Object Repository/Login/Page_Advantage Shopping/button_SIGN IN' is clicked on

14-02-2024T08:38:37 - [MESSAGE][PASSED] - Object: 'Object Repository/Login/Page_Advantage Shopping/button_SIGN IN' is clicked on

14-02-2024T08:38:37 - [TEST_STEP][PASSED] - click(findTestObject("Object Repository/Login/Page_Advantage Shopping/a_ruslan1_750cc9")): Object: 'Object Repository/Login/Page_Advantage Shopping/a_ruslan1_750cc9' is clicked on

14-02-2024T08:38:59 - [MESSAGE][PASSED] - Object: 'Object Repository/Login/Page_Advantage Shopping/a_ruslan1_750cc9' is clicked on

14-02-2024T08:38:59 - [TEST_STEP][PASSED] - click(findTestObject("Object Repository/Login/Page_Advantage Shopping/label_My account")): Object: 'Object Repository/Login/Page_Advantage Shopping/label_My account' is clicked on

14-02-2024T08:39:00 - [MESSAGE][PASSED] - Object: 'Object Repository/Login/Page_Advantage Shopping/label_My account' is clicked on

14-02-2024T08:39:00 - [TEST_STEP][PASSED] - verifyElementText(findTestObject("Object Repository/Login/Page_Advantage Shopping/div_ruslan ruslan"), "ruslan ruslan"): Actual text and expected text of test object 'Object Repository/Login/Page_Advantage Shopping/div_ruslan ruslan' are matched.

14-02-2024T08:39:02 - [MESSAGE][PASSED] - Actual text and expected text of test object 'Object Repository/Login/Page_Advantage Shopping/div_ruslan ruslan' are matched.

14-02-2024T08:39:04 - [TEST_STEP][PASSED] - Video: Video recording for test case 'Test Cases/login' .

14-02-2024T08:39:04 - [MESSAGE][INFO] - Video recording for test case 'Test Cases/login' .]]></system-out>
         <system-err><![CDATA[]]></system-err>
      </testcase>
      <testcase name="Test Cases/login_logout" time="38.475" classname="Test Cases/login_logout" status="PASSED">
         <system-out><![CDATA[14-02-2024T08:39:04 - [TEST_CASE][PASSED] - Test Cases/login_logout: Test Cases/login_logout

14-02-2024T08:39:05 - [TEST_STEP][PASSED] - openBrowser(""): Browser is opened with url: ''

14-02-2024T08:39:05 - [MESSAGE][WARNING] - A browser is already opened. Closing browser and opening a new one

14-02-2024T08:39:05 - [MESSAGE][INFO] - Starting 'Chrome' driver

14-02-2024T08:39:05 - [MESSAGE][INFO] - Action delay is set to 0 milliseconds

14-02-2024T08:39:08 - [MESSAGE][PASSED] - Browser is opened with url: ''

14-02-2024T08:39:08 - [TEST_STEP][PASSED] - navigateToUrl(url): Navigate to 'https://advantageonlineshopping.com/?authuser=0#/' successfully

14-02-2024T08:39:11 - [MESSAGE][PASSED] - Navigate to 'https://advantageonlineshopping.com/?authuser=0#/' successfully

14-02-2024T08:39:11 - [TEST_STEP][PASSED] - click(findTestObject("Object Repository/Login/Page_Advantage Shopping/svg_CHECKOUT  (0.00)_menuUser")): Object: 'Object Repository/Login/Page_Advantage Shopping/svg_CHECKOUT  (0.00)_menuUser' is clicked on

14-02-2024T08:39:20 - [MESSAGE][PASSED] - Object: 'Object Repository/Login/Page_Advantage Shopping/svg_CHECKOUT  (0.00)_menuUser' is clicked on

14-02-2024T08:39:20 - [TEST_STEP][PASSED] - setText(findTestObject("Object Repository/Login/Page_Advantage Shopping/input_OR_username"), "ruslan1"): Text 'ruslan1' is set on object 'Object Repository/Login/Page_Advantage Shopping/input_OR_username'

14-02-2024T08:39:21 - [MESSAGE][PASSED] - Text 'ruslan1' is set on object 'Object Repository/Login/Page_Advantage Shopping/input_OR_username'

14-02-2024T08:39:21 - [TEST_STEP][PASSED] - setText(findTestObject("Object Repository/Login/Page_Advantage Shopping/input_Username_password"), "P@ssw0rd"): Text 'P@ssw0rd' is set on object 'Object Repository/Login/Page_Advantage Shopping/input_Username_password'

14-02-2024T08:39:23 - [MESSAGE][PASSED] - Text 'P@ssw0rd' is set on object 'Object Repository/Login/Page_Advantage Shopping/input_Username_password'

14-02-2024T08:39:23 - [TEST_STEP][PASSED] - click(findTestObject("Object Repository/Login/Page_Advantage Shopping/button_SIGN IN")): Object: 'Object Repository/Login/Page_Advantage Shopping/button_SIGN IN' is clicked on

14-02-2024T08:39:24 - [MESSAGE][PASSED] - Object: 'Object Repository/Login/Page_Advantage Shopping/button_SIGN IN' is clicked on

14-02-2024T08:39:24 - [TEST_STEP][PASSED] - click(findTestObject("Object Repository/Login/Page_Advantage Shopping/a_ruslan1_750cc9")): Object: 'Object Repository/Login/Page_Advantage Shopping/a_ruslan1_750cc9' is clicked on

14-02-2024T08:39:35 - [MESSAGE][PASSED] - Object: 'Object Repository/Login/Page_Advantage Shopping/a_ruslan1_750cc9' is clicked on

14-02-2024T08:39:35 - [TEST_STEP][PASSED] - click(findTestObject("Object Repository/Login/Page_Advantage Shopping/label_My account")): Object: 'Object Repository/Login/Page_Advantage Shopping/label_My account' is clicked on

14-02-2024T08:39:36 - [MESSAGE][PASSED] - Object: 'Object Repository/Login/Page_Advantage Shopping/label_My account' is clicked on

14-02-2024T08:39:36 - [TEST_STEP][PASSED] - verifyElementText(findTestObject("Object Repository/Login/Page_Advantage Shopping/div_ruslan ruslan"), "ruslan ruslan"): Actual text and expected text of test object 'Object Repository/Login/Page_Advantage Shopping/div_ruslan ruslan' are matched.

14-02-2024T08:39:38 - [MESSAGE][PASSED] - Actual text and expected text of test object 'Object Repository/Login/Page_Advantage Shopping/div_ruslan ruslan' are matched.

14-02-2024T08:39:38 - [TEST_STEP][PASSED] - click(findTestObject("Object Repository/Login/Page_Advantage Shopping/a_ruslan1_750cc9")): Object: 'Object Repository/Login/Page_Advantage Shopping/a_ruslan1_750cc9' is clicked on

14-02-2024T08:39:38 - [MESSAGE][PASSED] - Object: 'Object Repository/Login/Page_Advantage Shopping/a_ruslan1_750cc9' is clicked on

14-02-2024T08:39:38 - [TEST_STEP][PASSED] - isLoggedIn = verifyElementPresent(findTestObject("Object Repository/Login/Page_Advantage Shopping/a_ruslan1_750cc9"), 5): Object 'Object Repository/Login/Page_Advantage Shopping/a_ruslan1_750cc9' is present

14-02-2024T08:39:39 - [MESSAGE][PASSED] - Object 'Object Repository/Login/Page_Advantage Shopping/a_ruslan1_750cc9' is present

14-02-2024T08:39:39 - [TEST_STEP][PASSED] - if (isLoggedIn): null

14-02-2024T08:39:39 - [TEST_STEP][PASSED] - click(findTestObject("Object Repository/Login/Page_Advantage Shopping/label_Sign out")): Object: 'Object Repository/Login/Page_Advantage Shopping/label_Sign out' is clicked on

14-02-2024T08:39:39 - [MESSAGE][PASSED] - Object: 'Object Repository/Login/Page_Advantage Shopping/label_Sign out' is clicked on

14-02-2024T08:39:39 - [TEST_STEP][PASSED] - isRuslanTextPresent = verifyElementPresent(findTestObject("Object Repository/Login/Page_Advantage Shopping/a_ruslan1_750cc9"), 5): Object 'Object Repository/Login/Page_Advantage Shopping/a_ruslan1_750cc9' is present

14-02-2024T08:39:40 - [MESSAGE][PASSED] - Object 'Object Repository/Login/Page_Advantage Shopping/a_ruslan1_750cc9' is present

14-02-2024T08:39:40 - [TEST_STEP][PASSED] - if (isRuslanTextPresent): null

14-02-2024T08:39:40 - [TEST_STEP][PASSED] - print("Berhasil logout"): null

14-02-2024T08:39:43 - [TEST_STEP][PASSED] - Video: Video recording for test case 'Test Cases/login_logout' .

14-02-2024T08:39:43 - [MESSAGE][INFO] - Video recording for test case 'Test Cases/login_logout' .]]></system-out>
         <system-err><![CDATA[]]></system-err>
      </testcase>
      <system-out><![CDATA[14-02-2024T00:23:19 - [TEST_SUITE][FAILED] - Login Logout: Test Cases/login FAILED.
Reason:
com.kms.katalon.core.exception.StepFailedException: Unable to click on object 'Object Repository/Login/Page_Advantage Shopping/svg_CHECKOUT  (0.00)_menuUser'
	at com.kms.katalon.core.webui.keyword.internal.WebUIKeywordMain.stepFailed(WebUIKeywordMain.groovy:64)
	at com.kms.katalon.core.webui.keyword.internal.WebUIKeywordMain.runKeyword(WebUIKeywordMain.groovy:26)
	at com.kms.katalon.core.webui.keyword.builtin.ClickKeyword.click(ClickKeyword.groovy:74)
	at com.kms.katalon.core.webui.keyword.builtin.ClickKeyword.execute(ClickKeyword.groovy:40)
	at com.kms.katalon.core.keyword.internal.KeywordExecutor.executeKeywordForPlatform(KeywordExecutor.groovy:74)
	at com.kms.katalon.core.webui.keyword.WebUiBuiltInKeywords.click(WebUiBuiltInKeywords.groovy:659)
	at login.run(login:24)
	at com.kms.katalon.core.main.ScriptEngine.run(ScriptEngine.java:194)
	at com.kms.katalon.core.main.ScriptEngine.runScriptAsRawText(ScriptEngine.java:119)
	at com.kms.katalon.core.main.TestCaseExecutor.runScript(TestCaseExecutor.java:448)
	at com.kms.katalon.core.main.TestCaseExecutor.doExecute(TestCaseExecutor.java:439)
	at com.kms.katalon.core.main.TestCaseExecutor.processExecutionPhase(TestCaseExecutor.java:418)
	at com.kms.katalon.core.main.TestCaseExecutor.accessMainPhase(TestCaseExecutor.java:410)
	at com.kms.katalon.core.main.TestCaseExecutor.execute(TestCaseExecutor.java:285)
	at com.kms.katalon.core.common.CommonExecutor.accessTestCaseMainPhase(CommonExecutor.java:65)
	at com.kms.katalon.core.main.TestSuiteExecutor.accessTestSuiteMainPhase(TestSuiteExecutor.java:148)
	at com.kms.katalon.core.main.TestSuiteExecutor.execute(TestSuiteExecutor.java:106)
	at com.kms.katalon.core.main.TestCaseMain.startTestSuite(TestCaseMain.java:180)
	at TempTestSuite1707844833883.run(TempTestSuite1707844833883.groovy:36)
	at java.base/jdk.internal.reflect.NativeMethodAccessorImpl.invoke0(Native Method)
	at java.base/jdk.internal.reflect.NativeMethodAccessorImpl.invoke(NativeMethodAccessorImpl.java:77)
	at java.base/jdk.internal.reflect.DelegatingMethodAccessorImpl.invoke(DelegatingMethodAccessorImpl.java:43)
Caused by: org.openqa.selenium.ElementClickInterceptedException: element click intercepted: Element <svg id="menuUser" version="1.1" xmlns="http://www.w3.org/2000/svg" xmlns:xlink="http://www.w3.org/1999/xlink" x="0px" y="0px" width="24px" height="24px" viewBox="0 0 24 24" enable-background="new 0 0 24 24" xml:space="preserve">...</svg> is not clickable at point (785, 32). Other element would receive the click: <div class="loader" style="display: block; opacity: 1;">...</div>
  (Session info: chrome=121.0.6167.161)
Build info: version: '3.141.59', revision: 'e82be7d358', time: '2018-11-14T08:25:53'
System info: host: 'LAPTOP-GLHGBC14', ip: '192.168.0.101', os.name: 'Windows 11', os.arch: 'amd64', os.version: '10.0', java.version: '17.0.7'
Driver info: com.kms.katalon.selenium.driver.CChromeDriver
Capabilities {acceptInsecureCerts: false, browserName: chrome, browserVersion: 121.0.6167.161, chrome: {chromedriverVersion: 121.0.6167.85 (3f98d690ad7e..., userDataDir: C:\Users\BRI\AppData\Local\...}, fedcm:accounts: true, goog:chromeOptions: {debuggerAddress: localhost:53525}, javascriptEnabled: true, networkConnectionEnabled: false, pageLoadStrategy: normal, platform: WINDOWS, platformName: WINDOWS, proxy: Proxy(), setWindowRect: true, strictFileInteractability: false, timeouts: {implicit: 0, pageLoad: 300000, script: 30000}, unhandledPromptBehavior: dismiss and notify, webauthn:extension:credBlob: true, webauthn:extension:largeBlob: true, webauthn:extension:minPinLength: true, webauthn:extension:prf: true, webauthn:virtualAuthenticators: true}
Session ID: 67fd459ed52ee54c98e4ee94d5f61986
	at java.base/jdk.internal.reflect.NativeConstructorAccessorImpl.newInstance0(Native Method)
	at java.base/jdk.internal.reflect.NativeConstructorAccessorImpl.newInstance(NativeConstructorAccessorImpl.java:77)
	at java.base/jdk.internal.reflect.DelegatingConstructorAccessorImpl.newInstance(DelegatingConstructorAccessorImpl.java:45)
	at org.openqa.selenium.remote.http.W3CHttpResponseCodec.createException(W3CHttpResponseCodec.java:187)
	at org.openqa.selenium.remote.http.W3CHttpResponseCodec.decode(W3CHttpResponseCodec.java:122)
	at org.openqa.selenium.remote.http.W3CHttpResponseCodec.decode(W3CHttpResponseCodec.java:49)
	at org.openqa.selenium.remote.HttpCommandExecutor.execute(HttpCommandExecutor.java:158)
	at org.openqa.selenium.remote.service.DriverCommandExecutor.execute(DriverCommandExecutor.java:83)
	at org.openqa.selenium.remote.RemoteWebDriver.execute(RemoteWebDriver.java:552)
	at com.kms.katalon.selenium.driver.CChromeDriver.execute(CChromeDriver.java:19)
	at org.openqa.selenium.remote.RemoteWebElement.execute(RemoteWebElement.java:285)
	at org.openqa.selenium.remote.RemoteWebElement.click(RemoteWebElement.java:84)
	at java.base/jdk.internal.reflect.NativeMethodAccessorImpl.invoke0(Native Method)
	at java.base/jdk.internal.reflect.NativeMethodAccessorImpl.invoke(NativeMethodAccessorImpl.java:77)
	at java.base/jdk.internal.reflect.DelegatingMethodAccessorImpl.invoke(DelegatingMethodAccessorImpl.java:43)
	at org.openqa.selenium.support.events.EventFiringWebDriver$EventFiringWebElement.lambda$new$0(EventFiringWebDriver.java:404)
	at jdk.proxy2/jdk.proxy2.$Proxy24.click(Unknown Source)
	at org.openqa.selenium.support.events.EventFiringWebDriver$EventFiringWebElement.click(EventFiringWebDriver.java:417)
	at org.openqa.selenium.WebElement$click.call(Unknown Source)
	at com.kms.katalon.core.webui.keyword.builtin.ClickKeyword.clickUntilSuccessWithTimeout(ClickKeyword.groovy:81)
	at com.kms.katalon.core.webui.keyword.builtin.ClickKeyword.clickUntilSuccessWithTimeout(ClickKeyword.groovy)
	at java.base/jdk.internal.reflect.NativeMethodAccessorImpl.invoke0(Native Method)
	at java.base/jdk.internal.reflect.NativeMethodAccessorImpl.invoke(NativeMethodAccessorImpl.java:77)
	at java.base/jdk.internal.reflect.DelegatingMethodAccessorImpl.invoke(DelegatingMethodAccessorImpl.java:43)
	at com.kms.katalon.core.webui.keyword.builtin.ClickKeyword$_click_closure1.doCall(ClickKeyword.groovy:67)
	at com.kms.katalon.core.webui.keyword.builtin.ClickKeyword$_click_closure1.call(ClickKeyword.groovy)
	at com.kms.katalon.core.webui.keyword.internal.WebUIKeywordMain.runKeyword(WebUIKeywordMain.groovy:20)
	... 20 more]]></system-out>
      <system-err><![CDATA[14-02-2024T00:23:19 - [TEST_SUITE][FAILED] - Login Logout: Test Cases/login FAILED.
Reason:
com.kms.katalon.core.exception.StepFailedException: Unable to click on object 'Object Repository/Login/Page_Advantage Shopping/svg_CHECKOUT  (0.00)_menuUser'
	at com.kms.katalon.core.webui.keyword.internal.WebUIKeywordMain.stepFailed(WebUIKeywordMain.groovy:64)
	at com.kms.katalon.core.webui.keyword.internal.WebUIKeywordMain.runKeyword(WebUIKeywordMain.groovy:26)
	at com.kms.katalon.core.webui.keyword.builtin.ClickKeyword.click(ClickKeyword.groovy:74)
	at com.kms.katalon.core.webui.keyword.builtin.ClickKeyword.execute(ClickKeyword.groovy:40)
	at com.kms.katalon.core.keyword.internal.KeywordExecutor.executeKeywordForPlatform(KeywordExecutor.groovy:74)
	at com.kms.katalon.core.webui.keyword.WebUiBuiltInKeywords.click(WebUiBuiltInKeywords.groovy:659)
	at login.run(login:24)
	at com.kms.katalon.core.main.ScriptEngine.run(ScriptEngine.java:194)
	at com.kms.katalon.core.main.ScriptEngine.runScriptAsRawText(ScriptEngine.java:119)
	at com.kms.katalon.core.main.TestCaseExecutor.runScript(TestCaseExecutor.java:448)
	at com.kms.katalon.core.main.TestCaseExecutor.doExecute(TestCaseExecutor.java:439)
	at com.kms.katalon.core.main.TestCaseExecutor.processExecutionPhase(TestCaseExecutor.java:418)
	at com.kms.katalon.core.main.TestCaseExecutor.accessMainPhase(TestCaseExecutor.java:410)
	at com.kms.katalon.core.main.TestCaseExecutor.execute(TestCaseExecutor.java:285)
	at com.kms.katalon.core.common.CommonExecutor.accessTestCaseMainPhase(CommonExecutor.java:65)
	at com.kms.katalon.core.main.TestSuiteExecutor.accessTestSuiteMainPhase(TestSuiteExecutor.java:148)
	at com.kms.katalon.core.main.TestSuiteExecutor.execute(TestSuiteExecutor.java:106)
	at com.kms.katalon.core.main.TestCaseMain.startTestSuite(TestCaseMain.java:180)
	at TempTestSuite1707844833883.run(TempTestSuite1707844833883.groovy:36)
	at java.base/jdk.internal.reflect.NativeMethodAccessorImpl.invoke0(Native Method)
	at java.base/jdk.internal.reflect.NativeMethodAccessorImpl.invoke(NativeMethodAccessorImpl.java:77)
	at java.base/jdk.internal.reflect.DelegatingMethodAccessorImpl.invoke(DelegatingMethodAccessorImpl.java:43)
Caused by: org.openqa.selenium.ElementClickInterceptedException: element click intercepted: Element <svg id="menuUser" version="1.1" xmlns="http://www.w3.org/2000/svg" xmlns:xlink="http://www.w3.org/1999/xlink" x="0px" y="0px" width="24px" height="24px" viewBox="0 0 24 24" enable-background="new 0 0 24 24" xml:space="preserve">...</svg> is not clickable at point (785, 32). Other element would receive the click: <div class="loader" style="display: block; opacity: 1;">...</div>
  (Session info: chrome=121.0.6167.161)
Build info: version: '3.141.59', revision: 'e82be7d358', time: '2018-11-14T08:25:53'
System info: host: 'LAPTOP-GLHGBC14', ip: '192.168.0.101', os.name: 'Windows 11', os.arch: 'amd64', os.version: '10.0', java.version: '17.0.7'
Driver info: com.kms.katalon.selenium.driver.CChromeDriver
Capabilities {acceptInsecureCerts: false, browserName: chrome, browserVersion: 121.0.6167.161, chrome: {chromedriverVersion: 121.0.6167.85 (3f98d690ad7e..., userDataDir: C:\Users\BRI\AppData\Local\...}, fedcm:accounts: true, goog:chromeOptions: {debuggerAddress: localhost:53525}, javascriptEnabled: true, networkConnectionEnabled: false, pageLoadStrategy: normal, platform: WINDOWS, platformName: WINDOWS, proxy: Proxy(), setWindowRect: true, strictFileInteractability: false, timeouts: {implicit: 0, pageLoad: 300000, script: 30000}, unhandledPromptBehavior: dismiss and notify, webauthn:extension:credBlob: true, webauthn:extension:largeBlob: true, webauthn:extension:minPinLength: true, webauthn:extension:prf: true, webauthn:virtualAuthenticators: true}
Session ID: 67fd459ed52ee54c98e4ee94d5f61986
	at java.base/jdk.internal.reflect.NativeConstructorAccessorImpl.newInstance0(Native Method)
	at java.base/jdk.internal.reflect.NativeConstructorAccessorImpl.newInstance(NativeConstructorAccessorImpl.java:77)
	at java.base/jdk.internal.reflect.DelegatingConstructorAccessorImpl.newInstance(DelegatingConstructorAccessorImpl.java:45)
	at org.openqa.selenium.remote.http.W3CHttpResponseCodec.createException(W3CHttpResponseCodec.java:187)
	at org.openqa.selenium.remote.http.W3CHttpResponseCodec.decode(W3CHttpResponseCodec.java:122)
	at org.openqa.selenium.remote.http.W3CHttpResponseCodec.decode(W3CHttpResponseCodec.java:49)
	at org.openqa.selenium.remote.HttpCommandExecutor.execute(HttpCommandExecutor.java:158)
	at org.openqa.selenium.remote.service.DriverCommandExecutor.execute(DriverCommandExecutor.java:83)
	at org.openqa.selenium.remote.RemoteWebDriver.execute(RemoteWebDriver.java:552)
	at com.kms.katalon.selenium.driver.CChromeDriver.execute(CChromeDriver.java:19)
	at org.openqa.selenium.remote.RemoteWebElement.execute(RemoteWebElement.java:285)
	at org.openqa.selenium.remote.RemoteWebElement.click(RemoteWebElement.java:84)
	at java.base/jdk.internal.reflect.NativeMethodAccessorImpl.invoke0(Native Method)
	at java.base/jdk.internal.reflect.NativeMethodAccessorImpl.invoke(NativeMethodAccessorImpl.java:77)
	at java.base/jdk.internal.reflect.DelegatingMethodAccessorImpl.invoke(DelegatingMethodAccessorImpl.java:43)
	at org.openqa.selenium.support.events.EventFiringWebDriver$EventFiringWebElement.lambda$new$0(EventFiringWebDriver.java:404)
	at jdk.proxy2/jdk.proxy2.$Proxy24.click(Unknown Source)
	at org.openqa.selenium.support.events.EventFiringWebDriver$EventFiringWebElement.click(EventFiringWebDriver.java:417)
	at org.openqa.selenium.WebElement$click.call(Unknown Source)
	at com.kms.katalon.core.webui.keyword.builtin.ClickKeyword.clickUntilSuccessWithTimeout(ClickKeyword.groovy:81)
	at com.kms.katalon.core.webui.keyword.builtin.ClickKeyword.clickUntilSuccessWithTimeout(ClickKeyword.groovy)
	at java.base/jdk.internal.reflect.NativeMethodAccessorImpl.invoke0(Native Method)
	at java.base/jdk.internal.reflect.NativeMethodAccessorImpl.invoke(NativeMethodAccessorImpl.java:77)
	at java.base/jdk.internal.reflect.DelegatingMethodAccessorImpl.invoke(DelegatingMethodAccessorImpl.java:43)
	at com.kms.katalon.core.webui.keyword.builtin.ClickKeyword$_click_closure1.doCall(ClickKeyword.groovy:67)
	at com.kms.katalon.core.webui.keyword.builtin.ClickKeyword$_click_closure1.call(ClickKeyword.groovy)
	at com.kms.katalon.core.webui.keyword.internal.WebUIKeywordMain.runKeyword(WebUIKeywordMain.groovy:20)
	... 20 more]]></system-err>
   </testsuite>
</testsuites>
